<?xml version="1.0" encoding="UTF-8"?>
<!-- Generated by org.testng.reporters.JUnitXMLReporter -->
<testsuite hostname="lenovo" ignored="0" name="regression" tests="3" failures="0" timestamp="06 May 2019 05:27:29 GMT" time="53.5" errors="0">
  <testcase name="verify_homepageTitle" time="0.04" classname="testcases.HomePageTest"/>
  <testcase name="verify_pageTitle" time="0.018" classname="testcases.SearchResultsPageTest"/>
  <testcase name="search_results" time="0.875" classname="testcases.SearchResultsPageTest"/>
</testsuite> <!-- regression -->
