<?xml version="1.0" encoding="UTF-8"?>
<testng-results skipped="0" failed="0" ignored="0" total="3" passed="3">
  <reporter-output>
  </reporter-output>
  <suite name="Suite" duration-ms="53500" started-at="2019-05-06T05:26:35Z" finished-at="2019-05-06T05:27:29Z">
    <groups>
    </groups>
    <test name="regression" duration-ms="53500" started-at="2019-05-06T05:26:35Z" finished-at="2019-05-06T05:27:29Z">
      <class name="testcases.HomePageTest">
        <test-method status="PASS" signature="setup()[pri:0, instance:testcases.HomePageTest@18355a8]" name="setup" is-config="true" duration-ms="16634" started-at="2019-05-06T05:26:35Z" finished-at="2019-05-06T05:26:52Z">
          <reporter-output>
          </reporter-output>
        </test-method> <!-- setup -->
        <test-method status="PASS" signature="verify_homepageTitle()[pri:1, instance:testcases.HomePageTest@18355a8]" name="verify_homepageTitle" duration-ms="40" started-at="2019-05-06T05:26:52Z" finished-at="2019-05-06T05:26:52Z">
          <reporter-output>
          </reporter-output>
        </test-method> <!-- verify_homepageTitle -->
        <test-method status="PASS" signature="teardown()[pri:0, instance:testcases.HomePageTest@18355a8]" name="teardown" is-config="true" duration-ms="591" started-at="2019-05-06T05:26:52Z" finished-at="2019-05-06T05:26:53Z">
          <reporter-output>
          </reporter-output>
        </test-method> <!-- teardown -->
      </class> <!-- testcases.HomePageTest -->
      <class name="testcases.SearchResultsPageTest">
        <test-method status="PASS" signature="setup()[pri:0, instance:testcases.SearchResultsPageTest@1fa1d9b]" name="setup" is-config="true" duration-ms="21378" started-at="2019-05-06T05:26:53Z" finished-at="2019-05-06T05:27:14Z">
          <reporter-output>
          </reporter-output>
        </test-method> <!-- setup -->
        <test-method status="PASS" signature="verify_pageTitle()[pri:1, instance:testcases.SearchResultsPageTest@1fa1d9b]" name="verify_pageTitle" duration-ms="18" started-at="2019-05-06T05:27:14Z" finished-at="2019-05-06T05:27:14Z">
          <reporter-output>
          </reporter-output>
        </test-method> <!-- verify_pageTitle -->
        <test-method status="PASS" signature="teardown()[pri:0, instance:testcases.SearchResultsPageTest@1fa1d9b]" name="teardown" is-config="true" duration-ms="603" started-at="2019-05-06T05:27:14Z" finished-at="2019-05-06T05:27:15Z">
          <reporter-output>
          </reporter-output>
        </test-method> <!-- teardown -->
        <test-method status="PASS" signature="setup()[pri:0, instance:testcases.SearchResultsPageTest@1fa1d9b]" name="setup" is-config="true" duration-ms="12645" started-at="2019-05-06T05:27:15Z" finished-at="2019-05-06T05:27:27Z">
          <reporter-output>
          </reporter-output>
        </test-method> <!-- setup -->
        <test-method status="PASS" signature="search_results()[pri:2, instance:testcases.SearchResultsPageTest@1fa1d9b]" name="search_results" duration-ms="875" started-at="2019-05-06T05:27:27Z" finished-at="2019-05-06T05:27:28Z">
          <reporter-output>
          </reporter-output>
        </test-method> <!-- search_results -->
        <test-method status="PASS" signature="teardown()[pri:0, instance:testcases.SearchResultsPageTest@1fa1d9b]" name="teardown" is-config="true" duration-ms="643" started-at="2019-05-06T05:27:28Z" finished-at="2019-05-06T05:27:29Z">
          <reporter-output>
          </reporter-output>
        </test-method> <!-- teardown -->
      </class> <!-- testcases.SearchResultsPageTest -->
    </test> <!-- regression -->
  </suite> <!-- Suite -->
</testng-results>
